{
"contracts/ERC20.sol":{"l":{"10":3},"path":"/Users/navinsharma/Desktop/Crypto/INFO7500_Crypto/v4/contracts/ERC20.sol","s":{"1":3},"b":{},"f":{"1":3},"fnMap":{"1":{"name":"constructor","line":8,"loc":{"start":{"line":8,"column":4},"end":{"line":11,"column":4}}}},"statementMap":{"1":{"start":{"line":10,"column":8},"end":{"line":10,"column":58}}},"branchMap":{}},
"contracts/NFT.sol":{"l":{"15":1,"17":1,"18":1},"path":"/Users/navinsharma/Desktop/Crypto/INFO7500_Crypto/v4/contracts/NFT.sol","s":{"1":1,"2":1,"3":1},"b":{},"f":{"1":3,"2":1},"fnMap":{"1":{"name":"constructor","line":11,"loc":{"start":{"line":11,"column":4},"end":{"line":11,"column":53}}},"2":{"name":"mintNFT","line":13,"loc":{"start":{"line":13,"column":4},"end":{"line":19,"column":4}}}},"statementMap":{"1":{"start":{"line":15,"column":8},"end":{"line":15,"column":27}},"2":{"start":{"line":17,"column":8},"end":{"line":17,"column":41}},"3":{"start":{"line":18,"column":8},"end":{"line":18,"column":36}}},"branchMap":{}},
"contracts/NFTDutchAuction_ERC20Bids.sol":{"l":{"32":3,"33":3,"34":3,"35":3,"36":3,"37":3,"38":3,"39":3,"40":3,"41":3,"47":14,"48":14,"49":14,"50":13,"51":13,"52":13,"53":13,"54":13,"61":11,"62":11,"63":8,"64":7,"71":7,"72":6,"73":5,"74":5,"75":5,"83":8,"84":8,"85":8,"92":2,"93":1,"94":1,"95":1,"96":1,"102":10,"103":9,"111":13},"path":"/Users/navinsharma/Desktop/Crypto/INFO7500_Crypto/v4/contracts/NFTDutchAuction_ERC20Bids.sol","s":{"1":3,"2":3,"3":14,"4":13,"5":11,"6":11,"7":8,"8":7,"9":7,"10":6,"11":5,"12":5,"13":8,"14":8,"15":8,"16":2,"17":1,"18":1,"19":1,"20":10,"21":13},"b":{"1":[3,0],"2":[13,1],"3":[11,0],"4":[8,3],"5":[7,1],"6":[7,0],"7":[6,1],"8":[5,1],"9":[2,1],"10":[1,1],"11":[1,0],"12":[1,0],"13":[9,1],"14":[1,0]},"f":{"1":3,"2":14,"3":11,"4":7,"5":8,"6":2,"7":10,"8":13,"9":1},"fnMap":{"1":{"name":"initialize","line":29,"loc":{"start":{"line":28,"column":4},"end":{"line":42,"column":4}}},"2":{"name":"escrowNFT","line":44,"loc":{"start":{"line":44,"column":4},"end":{"line":55,"column":4}}},"3":{"name":"bid","line":57,"loc":{"start":{"line":57,"column":4},"end":{"line":65,"column":4}}},"4":{"name":"finalize","line":69,"loc":{"start":{"line":67,"column":4},"end":{"line":76,"column":4}}},"5":{"name":"currentPrice","line":78,"loc":{"start":{"line":78,"column":4},"end":{"line":86,"column":4}}},"6":{"name":"endAuction","line":90,"loc":{"start":{"line":88,"column":4},"end":{"line":97,"column":4}}},"7":{"name":"nftEscrowed","line":99,"loc":{"start":{"line":99,"column":4},"end":{"line":104,"column":4}}},"8":{"name":"onERC721Received","line":106,"loc":{"start":{"line":106,"column":4},"end":{"line":112,"column":4}}},"9":{"name":"_authorizeUpgrade","line":116,"loc":{"start":{"line":114,"column":4},"end":{"line":118,"column":5}}}},"statementMap":{"1":{"start":{"line":32,"column":8},"end":{"line":32,"column":23}},"2":{"start":{"line":33,"column":8},"end":{"line":33,"column":31}},"3":{"start":{"line":49,"column":8},"end":{"line":49,"column":103}},"4":{"start":{"line":50,"column":8},"end":{"line":50,"column":68}},"5":{"start":{"line":61,"column":8},"end":{"line":61,"column":67}},"6":{"start":{"line":62,"column":8},"end":{"line":62,"column":128}},"7":{"start":{"line":63,"column":8},"end":{"line":63,"column":101}},"8":{"start":{"line":64,"column":8},"end":{"line":64,"column":23}},"9":{"start":{"line":71,"column":8},"end":{"line":71,"column":109}},"10":{"start":{"line":72,"column":8},"end":{"line":72,"column":98}},"11":{"start":{"line":73,"column":8},"end":{"line":73,"column":72}},"12":{"start":{"line":74,"column":8},"end":{"line":74,"column":61}},"13":{"start":{"line":83,"column":8},"end":{"line":83,"column":63}},"14":{"start":{"line":84,"column":8},"end":{"line":84,"column":78}},"15":{"start":{"line":85,"column":8},"end":{"line":85,"column":24}},"16":{"start":{"line":92,"column":8},"end":{"line":92,"column":110}},"17":{"start":{"line":93,"column":8},"end":{"line":93,"column":95}},"18":{"start":{"line":94,"column":8},"end":{"line":94,"column":100}},"19":{"start":{"line":96,"column":8},"end":{"line":96,"column":64}},"20":{"start":{"line":102,"column":8},"end":{"line":102,"column":82}},"21":{"start":{"line":111,"column":8},"end":{"line":111,"column":56}}},"branchMap":{"1":{"line":29,"type":"if","locations":[{"start":{"line":29,"column":4},"end":{"line":29,"column":4}},{"start":{"line":29,"column":4},"end":{"line":29,"column":4}}]},"2":{"line":49,"type":"if","locations":[{"start":{"line":49,"column":8},"end":{"line":49,"column":8}},{"start":{"line":49,"column":8},"end":{"line":49,"column":8}}]},"3":{"line":61,"type":"if","locations":[{"start":{"line":61,"column":8},"end":{"line":61,"column":8}},{"start":{"line":61,"column":8},"end":{"line":61,"column":8}}]},"4":{"line":62,"type":"if","locations":[{"start":{"line":62,"column":8},"end":{"line":62,"column":8}},{"start":{"line":62,"column":8},"end":{"line":62,"column":8}}]},"5":{"line":63,"type":"if","locations":[{"start":{"line":63,"column":8},"end":{"line":63,"column":8}},{"start":{"line":63,"column":8},"end":{"line":63,"column":8}}]},"6":{"line":69,"type":"if","locations":[{"start":{"line":69,"column":4},"end":{"line":69,"column":4}},{"start":{"line":69,"column":4},"end":{"line":69,"column":4}}]},"7":{"line":71,"type":"if","locations":[{"start":{"line":71,"column":8},"end":{"line":71,"column":8}},{"start":{"line":71,"column":8},"end":{"line":71,"column":8}}]},"8":{"line":72,"type":"if","locations":[{"start":{"line":72,"column":8},"end":{"line":72,"column":8}},{"start":{"line":72,"column":8},"end":{"line":72,"column":8}}]},"9":{"line":90,"type":"if","locations":[{"start":{"line":90,"column":4},"end":{"line":90,"column":4}},{"start":{"line":90,"column":4},"end":{"line":90,"column":4}}]},"10":{"line":92,"type":"if","locations":[{"start":{"line":92,"column":8},"end":{"line":92,"column":8}},{"start":{"line":92,"column":8},"end":{"line":92,"column":8}}]},"11":{"line":93,"type":"if","locations":[{"start":{"line":93,"column":8},"end":{"line":93,"column":8}},{"start":{"line":93,"column":8},"end":{"line":93,"column":8}}]},"12":{"line":94,"type":"if","locations":[{"start":{"line":94,"column":8},"end":{"line":94,"column":8}},{"start":{"line":94,"column":8},"end":{"line":94,"column":8}}]},"13":{"line":102,"type":"if","locations":[{"start":{"line":102,"column":8},"end":{"line":102,"column":8}},{"start":{"line":102,"column":8},"end":{"line":102,"column":8}}]},"14":{"line":116,"type":"if","locations":[{"start":{"line":116,"column":8},"end":{"line":116,"column":8}},{"start":{"line":116,"column":8},"end":{"line":116,"column":8}}]}}},
"contracts/NFTDutchAuction_ERC20BidsUpgraded.sol":{"l":{"12":1},"path":"/Users/navinsharma/Desktop/Crypto/INFO7500_Crypto/v4/contracts/NFTDutchAuction_ERC20BidsUpgraded.sol","s":{"1":1},"b":{},"f":{"1":1},"fnMap":{"1":{"name":"currentVersion","line":10,"loc":{"start":{"line":10,"column":4},"end":{"line":13,"column":4}}}},"statementMap":{"1":{"start":{"line":12,"column":8},"end":{"line":12,"column":16}}},"branchMap":{}}}
