TN:
SF:/Users/navinsharma/Desktop/Crypto/INFO7500_Crypto/v4/contracts/ERC20.sol
FN:8,constructor
FNF:1
FNH:1
FNDA:3,constructor
DA:10,3
LF:1
LH:1
BRF:0
BRH:0
end_of_record
TN:
SF:/Users/navinsharma/Desktop/Crypto/INFO7500_Crypto/v4/contracts/NFT.sol
FN:11,constructor
FN:13,mintNFT
FNF:2
FNH:2
FNDA:3,constructor
FNDA:1,mintNFT
DA:15,1
DA:17,1
DA:18,1
LF:3
LH:3
BRF:0
BRH:0
end_of_record
TN:
SF:/Users/navinsharma/Desktop/Crypto/INFO7500_Crypto/v4/contracts/NFTDutchAuction_ERC20Bids.sol
FN:29,initialize
FN:44,escrowNFT
FN:57,bid
FN:69,finalize
FN:78,currentPrice
FN:90,endAuction
FN:99,nftEscrowed
FN:106,onERC721Received
FN:116,_authorizeUpgrade
FNF:9
FNH:9
FNDA:3,initialize
FNDA:14,escrowNFT
FNDA:11,bid
FNDA:7,finalize
FNDA:8,currentPrice
FNDA:2,endAuction
FNDA:10,nftEscrowed
FNDA:13,onERC721Received
FNDA:1,_authorizeUpgrade
DA:32,3
DA:33,3
DA:34,3
DA:35,3
DA:36,3
DA:37,3
DA:38,3
DA:39,3
DA:40,3
DA:41,3
DA:47,14
DA:48,14
DA:49,14
DA:50,13
DA:51,13
DA:52,13
DA:53,13
DA:54,13
DA:61,11
DA:62,11
DA:63,8
DA:64,7
DA:71,7
DA:72,6
DA:73,5
DA:74,5
DA:75,5
DA:83,8
DA:84,8
DA:85,8
DA:92,2
DA:93,1
DA:94,1
DA:95,1
DA:96,1
DA:102,10
DA:103,9
DA:111,13
LF:38
LH:38
BRDA:29,1,0,3
BRDA:29,1,1,0
BRDA:49,2,0,13
BRDA:49,2,1,1
BRDA:61,3,0,11
BRDA:61,3,1,0
BRDA:62,4,0,8
BRDA:62,4,1,3
BRDA:63,5,0,7
BRDA:63,5,1,1
BRDA:69,6,0,7
BRDA:69,6,1,0
BRDA:71,7,0,6
BRDA:71,7,1,1
BRDA:72,8,0,5
BRDA:72,8,1,1
BRDA:90,9,0,2
BRDA:90,9,1,1
BRDA:92,10,0,1
BRDA:92,10,1,1
BRDA:93,11,0,1
BRDA:93,11,1,0
BRDA:94,12,0,1
BRDA:94,12,1,0
BRDA:102,13,0,9
BRDA:102,13,1,1
BRDA:116,14,0,1
BRDA:116,14,1,0
BRF:28
BRH:22
end_of_record
TN:
SF:/Users/navinsharma/Desktop/Crypto/INFO7500_Crypto/v4/contracts/NFTDutchAuction_ERC20BidsUpgraded.sol
FN:10,currentVersion
FNF:1
FNH:1
FNDA:1,currentVersion
DA:12,1
LF:1
LH:1
BRF:0
BRH:0
end_of_record
