{
"contracts/NFT.sol":{"l":{"17":1,"19":1,"20":1},"path":"/Users/navinsharma/Desktop/Crypto/INFO7500_Crypto/v2/contracts/NFT.sol","s":{"1":1,"2":1,"3":1},"b":{},"f":{"1":3,"2":1},"fnMap":{"1":{"name":"constructor","line":13,"loc":{"start":{"line":13,"column":4},"end":{"line":13,"column":53}}},"2":{"name":"mintNFT","line":15,"loc":{"start":{"line":15,"column":4},"end":{"line":21,"column":4}}}},"statementMap":{"1":{"start":{"line":17,"column":8},"end":{"line":17,"column":27}},"2":{"start":{"line":19,"column":8},"end":{"line":19,"column":41}},"3":{"start":{"line":20,"column":8},"end":{"line":20,"column":36}}},"branchMap":{}},
"contracts/NFTDutchAuction.sol":{"l":{"25":6,"26":6,"27":6,"28":6,"29":6,"34":10,"35":10,"36":10,"37":9,"38":9,"39":9,"40":9,"46":9,"47":8,"48":5,"49":4,"54":4,"55":4,"56":4,"61":3,"62":1,"63":1,"64":1,"65":1,"70":9},"path":"/Users/navinsharma/Desktop/Crypto/INFO7500_Crypto/v2/contracts/NFTDutchAuction.sol","s":{"1":10,"2":9,"3":9,"4":8,"5":5,"6":4,"7":4,"8":4,"9":3,"10":1,"11":1,"12":1,"13":9},"b":{"1":[9,1],"2":[8,1],"3":[5,3],"4":[4,1],"5":[1,2],"6":[1,0],"7":[1,0]},"f":{"1":6,"2":10,"3":9,"4":4,"5":3,"6":9},"fnMap":{"1":{"name":"constructor","line":23,"loc":{"start":{"line":23,"column":4},"end":{"line":30,"column":4}}},"2":{"name":"escrowNFT","line":32,"loc":{"start":{"line":32,"column":4},"end":{"line":41,"column":4}}},"3":{"name":"bid","line":44,"loc":{"start":{"line":44,"column":4},"end":{"line":50,"column":4}}},"4":{"name":"finalize","line":52,"loc":{"start":{"line":52,"column":4},"end":{"line":57,"column":4}}},"5":{"name":"endAuction","line":59,"loc":{"start":{"line":59,"column":4},"end":{"line":66,"column":4}}},"6":{"name":"onERC721Received","line":68,"loc":{"start":{"line":68,"column":4},"end":{"line":71,"column":4}}}},"statementMap":{"1":{"start":{"line":36,"column":8},"end":{"line":36,"column":103}},"2":{"start":{"line":37,"column":8},"end":{"line":37,"column":68}},"3":{"start":{"line":46,"column":8},"end":{"line":46,"column":67}},"4":{"start":{"line":47,"column":8},"end":{"line":47,"column":128}},"5":{"start":{"line":48,"column":8},"end":{"line":48,"column":184}},"6":{"start":{"line":49,"column":8},"end":{"line":49,"column":17}},"7":{"start":{"line":54,"column":8},"end":{"line":54,"column":40}},"8":{"start":{"line":55,"column":8},"end":{"line":55,"column":61}},"9":{"start":{"line":61,"column":8},"end":{"line":61,"column":110}},"10":{"start":{"line":62,"column":8},"end":{"line":62,"column":95}},"11":{"start":{"line":63,"column":8},"end":{"line":63,"column":100}},"12":{"start":{"line":65,"column":8},"end":{"line":65,"column":64}},"13":{"start":{"line":70,"column":8},"end":{"line":70,"column":56}}},"branchMap":{"1":{"line":36,"type":"if","locations":[{"start":{"line":36,"column":8},"end":{"line":36,"column":8}},{"start":{"line":36,"column":8},"end":{"line":36,"column":8}}]},"2":{"line":46,"type":"if","locations":[{"start":{"line":46,"column":8},"end":{"line":46,"column":8}},{"start":{"line":46,"column":8},"end":{"line":46,"column":8}}]},"3":{"line":47,"type":"if","locations":[{"start":{"line":47,"column":8},"end":{"line":47,"column":8}},{"start":{"line":47,"column":8},"end":{"line":47,"column":8}}]},"4":{"line":48,"type":"if","locations":[{"start":{"line":48,"column":8},"end":{"line":48,"column":8}},{"start":{"line":48,"column":8},"end":{"line":48,"column":8}}]},"5":{"line":61,"type":"if","locations":[{"start":{"line":61,"column":8},"end":{"line":61,"column":8}},{"start":{"line":61,"column":8},"end":{"line":61,"column":8}}]},"6":{"line":62,"type":"if","locations":[{"start":{"line":62,"column":8},"end":{"line":62,"column":8}},{"start":{"line":62,"column":8},"end":{"line":62,"column":8}}]},"7":{"line":63,"type":"if","locations":[{"start":{"line":63,"column":8},"end":{"line":63,"column":8}},{"start":{"line":63,"column":8},"end":{"line":63,"column":8}}]}}}}
