TN:
SF:/Users/navinsharma/Desktop/Crypto/INFO7500_Crypto/v2/contracts/NFT.sol
FN:13,constructor
FN:15,mintNFT
FNF:2
FNH:2
FNDA:3,constructor
FNDA:1,mintNFT
DA:17,1
DA:19,1
DA:20,1
LF:3
LH:3
BRF:0
BRH:0
end_of_record
TN:
SF:/Users/navinsharma/Desktop/Crypto/INFO7500_Crypto/v2/contracts/NFTDutchAuction.sol
FN:23,constructor
FN:32,escrowNFT
FN:44,bid
FN:52,finalize
FN:59,endAuction
FN:68,onERC721Received
FNF:6
FNH:6
FNDA:6,constructor
FNDA:10,escrowNFT
FNDA:9,bid
FNDA:4,finalize
FNDA:3,endAuction
FNDA:9,onERC721Received
DA:25,6
DA:26,6
DA:27,6
DA:28,6
DA:29,6
DA:34,10
DA:35,10
DA:36,10
DA:37,9
DA:38,9
DA:39,9
DA:40,9
DA:46,9
DA:47,8
DA:48,5
DA:49,4
DA:54,4
DA:55,4
DA:56,4
DA:61,3
DA:62,1
DA:63,1
DA:64,1
DA:65,1
DA:70,9
LF:25
LH:25
BRDA:36,1,0,9
BRDA:36,1,1,1
BRDA:46,2,0,8
BRDA:46,2,1,1
BRDA:47,3,0,5
BRDA:47,3,1,3
BRDA:48,4,0,4
BRDA:48,4,1,1
BRDA:61,5,0,1
BRDA:61,5,1,2
BRDA:62,6,0,1
BRDA:62,6,1,0
BRDA:63,7,0,1
BRDA:63,7,1,0
BRF:14
BRH:12
end_of_record
